# JRE version: Java(TM) SE Runtime Environment (8.0_161-b12) (build 1.8.0_161-b12)
# Java VM: Java HotSpot(TM) 64-Bit Server VM (25.161-b12 mixed mode windows-amd64 compressed oops)
Heap:
 PSYoungGen      total 214528K, used 97602K [0x00000000d5b80000, 0x00000000e8280000, 0x0000000100000000)
  eden space 209920K, 44% used [0x00000000d5b80000,0x00000000db651c00,0x00000000e2880000)
  from space 4608K, 99% used [0x00000000e3280000,0x00000000e36fec20,0x00000000e3700000)
  to   space 10240K, 0% used [0x00000000e2880000,0x00000000e2880000,0x00000000e3280000)
 ParOldGen       total 52736K, used 16293K [0x0000000081200000, 0x0000000084580000, 0x00000000d5b80000)
  object space 52736K, 30% used [0x0000000081200000,0x00000000821e96a8,0x0000000084580000)
 Metaspace       used 32398K, capacity 32838K, committed 33152K, reserved 1079296K
  class space    used 3991K, capacity 4110K, committed 4224K, reserved 1048576K
GC Heap History (10 events):
Event: 14.748 GC heap before
{Heap before GC invocations=9 (full 0):
 PSYoungGen      total 140288K, used 26718K [0x00000000d5b80000, 0x00000000ded80000, 0x0000000100000000)
  eden space 132096K, 17% used [0x00000000d5b80000,0x00000000d723b6e0,0x00000000ddc80000)
  from space 8192K, 41% used [0x00000000de580000,0x00000000de8dc160,0x00000000ded80000)
  to   space 8704K, 0% used [0x00000000ddc80000,0x00000000ddc80000,0x00000000de500000)
 ParOldGen       total 87552K, used 8581K [0x0000000081200000, 0x0000000086780000, 0x00000000d5b80000)
  object space 87552K, 9% used [0x0000000081200000,0x0000000081a61770,0x0000000086780000)
 Metaspace       used 20865K, capacity 21140K, committed 21296K, reserved 1069056K
  class space    used 2526K, capacity 2589K, committed 2688K, reserved 1048576K
Event: 14.755 GC heap after
Heap after GC invocations=9 (full 0):
 PSYoungGen      total 140800K, used 3173K [0x00000000d5b80000, 0x00000000e3b00000, 0x0000000100000000)
  eden space 132096K, 0% used [0x00000000d5b80000,0x00000000d5b80000,0x00000000ddc80000)
  from space 8704K, 36% used [0x00000000ddc80000,0x00000000ddf997d8,0x00000000de500000)
  to   space 8704K, 0% used [0x00000000e3280000,0x00000000e3280000,0x00000000e3b00000)
 ParOldGen       total 87552K, used 9294K [0x0000000081200000, 0x0000000086780000, 0x00000000d5b80000)
  object space 87552K, 10% used [0x0000000081200000,0x0000000081b13b08,0x0000000086780000)
 Metaspace       used 20865K, capacity 21140K, committed 21296K, reserved 1069056K
  class space    used 2526K, capacity 2589K, committed 2688K, reserved 1048576K
}
Event: 14.755 GC heap before
{Heap before GC invocations=10 (full 1):
 PSYoungGen      total 140800K, used 3173K [0x00000000d5b80000, 0x00000000e3b00000, 0x0000000100000000)
  eden space 132096K, 0% used [0x00000000d5b80000,0x00000000d5b80000,0x00000000ddc80000)
  from space 8704K, 36% used [0x00000000ddc80000,0x00000000ddf997d8,0x00000000de500000)
  to   space 8704K, 0% used [0x00000000e3280000,0x00000000e3280000,0x00000000e3b00000)
 ParOldGen       total 87552K, used 9294K [0x0000000081200000, 0x0000000086780000, 0x00000000d5b80000)
  object space 87552K, 10% used [0x0000000081200000,0x0000000081b13b08,0x0000000086780000)
 Metaspace       used 20865K, capacity 21140K, committed 21296K, reserved 1069056K
  class space    used 2526K, capacity 2589K, committed 2688K, reserved 1048576K
Event: 14.820 GC heap after
Heap after GC invocations=10 (full 1):
 PSYoungGen      total 140800K, used 0K [0x00000000d5b80000, 0x00000000e3b00000, 0x0000000100000000)
  eden space 132096K, 0% used [0x00000000d5b80000,0x00000000d5b80000,0x00000000ddc80000)
  from space 8704K, 0% used [0x00000000ddc80000,0x00000000ddc80000,0x00000000de500000)
  to   space 8704K, 0% used [0x00000000e3280000,0x00000000e3280000,0x00000000e3b00000)
 ParOldGen       total 52736K, used 9869K [0x0000000081200000, 0x0000000084580000, 0x00000000d5b80000)
  object space 52736K, 18% used [0x0000000081200000,0x0000000081ba3668,0x0000000084580000)
 Metaspace       used 20865K, capacity 21140K, committed 21296K, reserved 1069056K
  class space    used 2526K, capacity 2589K, committed 2688K, reserved 1048576K
}
Event: 20.830 GC heap before
{Heap before GC invocations=11 (full 1):
 PSYoungGen      total 140800K, used 132096K [0x00000000d5b80000, 0x00000000e3b00000, 0x0000000100000000)
  eden space 132096K, 100% used [0x00000000d5b80000,0x00000000ddc80000,0x00000000ddc80000)
  from space 8704K, 0% used [0x00000000ddc80000,0x00000000ddc80000,0x00000000de500000)
  to   space 8704K, 0% used [0x00000000e3280000,0x00000000e3280000,0x00000000e3b00000)
 ParOldGen       total 52736K, used 9869K [0x0000000081200000, 0x0000000084580000, 0x00000000d5b80000)
  object space 52736K, 18% used [0x0000000081200000,0x0000000081ba3668,0x0000000084580000)
 Metaspace       used 24195K, capacity 24568K, committed 24960K, reserved 1071104K
  class space    used 2988K, capacity 3089K, committed 3200K, reserved 1048576K
Event: 20.898 GC heap after
Heap after GC invocations=11 (full 1):
 PSYoungGen      total 200704K, used 4293K [0x00000000d5b80000, 0x00000000e3700000, 0x0000000100000000)
  eden space 196096K, 0% used [0x00000000d5b80000,0x00000000d5b80000,0x00000000e1b00000)
  from space 4608K, 93% used [0x00000000e3280000,0x00000000e36b14e8,0x00000000e3700000)
  to   space 8704K, 0% used [0x00000000e2600000,0x00000000e2600000,0x00000000e2e80000)
 ParOldGen       total 52736K, used 9877K [0x0000000081200000, 0x0000000084580000, 0x00000000d5b80000)
  object space 52736K, 18% used [0x0000000081200000,0x0000000081ba5668,0x0000000084580000)
 Metaspace       used 24195K, capacity 24568K, committed 24960K, reserved 1071104K
  class space    used 2988K, capacity 3089K, committed 3200K, reserved 1048576K
}
Event: 26.749 GC heap before
{Heap before GC invocations=12 (full 1):
 PSYoungGen      total 200704K, used 200389K [0x00000000d5b80000, 0x00000000e3700000, 0x0000000100000000)
  eden space 196096K, 100% used [0x00000000d5b80000,0x00000000e1b00000,0x00000000e1b00000)
  from space 4608K, 93% used [0x00000000e3280000,0x00000000e36b14e8,0x00000000e3700000)
  to   space 8704K, 0% used [0x00000000e2600000,0x00000000e2600000,0x00000000e2e80000)
 ParOldGen       total 52736K, used 9877K [0x0000000081200000, 0x0000000084580000, 0x00000000d5b80000)
  object space 52736K, 18% used [0x0000000081200000,0x0000000081ba5668,0x0000000084580000)
 Metaspace       used 27614K, capacity 28074K, committed 28160K, reserved 1073152K
  class space    used 3435K, capacity 3556K, committed 3584K, reserved 1048576K
Event: 26.769 GC heap after
Heap after GC invocations=12 (full 1):
 PSYoungGen      total 204800K, used 7421K [0x00000000d5b80000, 0x00000000e3700000, 0x0000000100000000)
  eden space 196096K, 0% used [0x00000000d5b80000,0x00000000d5b80000,0x00000000e1b00000)
  from space 8704K, 85% used [0x00000000e2600000,0x00000000e2d3f570,0x00000000e2e80000)
  to   space 4608K, 0% used [0x00000000e3280000,0x00000000e3280000,0x00000000e3700000)
 ParOldGen       total 52736K, used 11572K [0x0000000081200000, 0x0000000084580000, 0x00000000d5b80000)
  object space 52736K, 21% used [0x0000000081200000,0x0000000081d4d358,0x0000000084580000)
 Metaspace       used 27614K, capacity 28074K, committed 28160K, reserved 1073152K
  class space    used 3435K, capacity 3556K, committed 3584K, reserved 1048576K
}
Event: 30.216 GC heap before
{Heap before GC invocations=13 (full 1):
 PSYoungGen      total 204800K, used 203517K [0x00000000d5b80000, 0x00000000e3700000, 0x0000000100000000)
  eden space 196096K, 100% used [0x00000000d5b80000,0x00000000e1b00000,0x00000000e1b00000)
  from space 8704K, 85% used [0x00000000e2600000,0x00000000e2d3f570,0x00000000e2e80000)
  to   space 4608K, 0% used [0x00000000e3280000,0x00000000e3280000,0x00000000e3700000)
 ParOldGen       total 52736K, used 11572K [0x0000000081200000, 0x0000000084580000, 0x00000000d5b80000)
  object space 52736K, 21% used [0x0000000081200000,0x0000000081d4d358,0x0000000084580000)
 Metaspace       used 31385K, capacity 31824K, committed 32000K, reserved 1077248K
  class space    used 3858K, capacity 3973K, committed 4096K, reserved 1048576K
Event: 30.231 GC heap after
Heap after GC invocations=13 (full 1):
 PSYoungGen      total 214528K, used 4603K [0x00000000d5b80000, 0x00000000e8280000, 0x0000000100000000)
  eden space 209920K, 0% used [0x00000000d5b80000,0x00000000d5b80000,0x00000000e2880000)
  from space 4608K, 99% used [0x00000000e3280000,0x00000000e36fec20,0x00000000e3700000)
  to   space 10240K, 0% used [0x00000000e2880000,0x00000000e2880000,0x00000000e3280000)
 ParOldGen       total 52736K, used 16293K [0x0000000081200000, 0x0000000084580000, 0x00000000d5b80000)
  object space 52736K, 30% used [0x0000000081200000,0x00000000821e96a8,0x0000000084580000)
 Metaspace       used 31385K, capacity 31824K, committed 32000K, reserved 1077248K
  class space    used 3858K, capacity 3973K, committed 4096K, reserved 1048576K
}

