# JRE version: Java(TM) SE Runtime Environment (8.0_161-b12) (build 1.8.0_161-b12)
# Java VM: Java HotSpot(TM) 64-Bit Server VM (25.161-b12 mixed mode windows-amd64 compressed oops)
Heap:
 PSYoungGen      total 215040K, used 120412K [0x00000000d5b80000, 0x00000000e6a00000, 0x0000000100000000)
  eden space 210432K, 55% used [0x00000000d5b80000,0x00000000dcc9d0a0,0x00000000e2900000)
  from space 4608K, 99% used [0x00000000e3300000,0x00000000e3779f80,0x00000000e3780000)
  to   space 10240K, 0% used [0x00000000e2900000,0x00000000e2900000,0x00000000e3300000)
 ParOldGen       total 55808K, used 16095K [0x0000000081200000, 0x0000000084880000, 0x00000000d5b80000)
  object space 55808K, 28% used [0x0000000081200000,0x00000000821b7d58,0x0000000084880000)
 Metaspace       used 32417K, capacity 32830K, committed 33152K, reserved 1079296K
  class space    used 4000K, capacity 4110K, committed 4224K, reserved 1048576K
GC Heap History (10 events):
Event: 8.451 GC heap before
{Heap before GC invocations=9 (full 0):
 PSYoungGen      total 141312K, used 29555K [0x00000000d5b80000, 0x00000000dee80000, 0x0000000100000000)
  eden space 132096K, 19% used [0x00000000d5b80000,0x00000000d74fdd00,0x00000000ddc80000)
  from space 9216K, 37% used [0x00000000de580000,0x00000000de8df020,0x00000000dee80000)
  to   space 9216K, 0% used [0x00000000ddc80000,0x00000000ddc80000,0x00000000de580000)
 ParOldGen       total 87552K, used 8556K [0x0000000081200000, 0x0000000086780000, 0x00000000d5b80000)
  object space 87552K, 9% used [0x0000000081200000,0x0000000081a5b2e8,0x0000000086780000)
 Metaspace       used 20872K, capacity 21136K, committed 21296K, reserved 1069056K
  class space    used 2536K, capacity 2591K, committed 2688K, reserved 1048576K
Event: 8.459 GC heap after
Heap after GC invocations=9 (full 0):
 PSYoungGen      total 141312K, used 3072K [0x00000000d5b80000, 0x00000000e3c00000, 0x0000000100000000)
  eden space 132096K, 0% used [0x00000000d5b80000,0x00000000d5b80000,0x00000000ddc80000)
  from space 9216K, 33% used [0x00000000ddc80000,0x00000000ddf80000,0x00000000de580000)
  to   space 9216K, 0% used [0x00000000e3300000,0x00000000e3300000,0x00000000e3c00000)
 ParOldGen       total 87552K, used 9233K [0x0000000081200000, 0x0000000086780000, 0x00000000d5b80000)
  object space 87552K, 10% used [0x0000000081200000,0x0000000081b04660,0x0000000086780000)
 Metaspace       used 20872K, capacity 21136K, committed 21296K, reserved 1069056K
  class space    used 2536K, capacity 2591K, committed 2688K, reserved 1048576K
}
Event: 8.459 GC heap before
{Heap before GC invocations=10 (full 1):
 PSYoungGen      total 141312K, used 3072K [0x00000000d5b80000, 0x00000000e3c00000, 0x0000000100000000)
  eden space 132096K, 0% used [0x00000000d5b80000,0x00000000d5b80000,0x00000000ddc80000)
  from space 9216K, 33% used [0x00000000ddc80000,0x00000000ddf80000,0x00000000de580000)
  to   space 9216K, 0% used [0x00000000e3300000,0x00000000e3300000,0x00000000e3c00000)
 ParOldGen       total 87552K, used 9233K [0x0000000081200000, 0x0000000086780000, 0x00000000d5b80000)
  object space 87552K, 10% used [0x0000000081200000,0x0000000081b04660,0x0000000086780000)
 Metaspace       used 20872K, capacity 21136K, committed 21296K, reserved 1069056K
  class space    used 2536K, capacity 2591K, committed 2688K, reserved 1048576K
Event: 8.517 GC heap after
Heap after GC invocations=10 (full 1):
 PSYoungGen      total 141312K, used 0K [0x00000000d5b80000, 0x00000000e3c00000, 0x0000000100000000)
  eden space 132096K, 0% used [0x00000000d5b80000,0x00000000d5b80000,0x00000000ddc80000)
  from space 9216K, 0% used [0x00000000ddc80000,0x00000000ddc80000,0x00000000de580000)
  to   space 9216K, 0% used [0x00000000e3300000,0x00000000e3300000,0x00000000e3c00000)
 ParOldGen       total 55808K, used 9784K [0x0000000081200000, 0x0000000084880000, 0x00000000d5b80000)
  object space 55808K, 17% used [0x0000000081200000,0x0000000081b8e0c8,0x0000000084880000)
 Metaspace       used 20872K, capacity 21136K, committed 21296K, reserved 1069056K
  class space    used 2536K, capacity 2591K, committed 2688K, reserved 1048576K
}
Event: 12.512 GC heap before
{Heap before GC invocations=11 (full 1):
 PSYoungGen      total 141312K, used 132096K [0x00000000d5b80000, 0x00000000e3c00000, 0x0000000100000000)
  eden space 132096K, 100% used [0x00000000d5b80000,0x00000000ddc80000,0x00000000ddc80000)
  from space 9216K, 0% used [0x00000000ddc80000,0x00000000ddc80000,0x00000000de580000)
  to   space 9216K, 0% used [0x00000000e3300000,0x00000000e3300000,0x00000000e3c00000)
 ParOldGen       total 55808K, used 9784K [0x0000000081200000, 0x0000000084880000, 0x00000000d5b80000)
  object space 55808K, 17% used [0x0000000081200000,0x0000000081b8e0c8,0x0000000084880000)
 Metaspace       used 24167K, capacity 24560K, committed 24960K, reserved 1071104K
  class space    used 2991K, capacity 3089K, committed 3200K, reserved 1048576K
Event: 12.522 GC heap after
Heap after GC invocations=11 (full 1):
 PSYoungGen      total 191488K, used 4266K [0x00000000d5b80000, 0x00000000e3780000, 0x0000000100000000)
  eden space 186880K, 0% used [0x00000000d5b80000,0x00000000d5b80000,0x00000000e1200000)
  from space 4608K, 92% used [0x00000000e3300000,0x00000000e372ab38,0x00000000e3780000)
  to   space 8704K, 0% used [0x00000000e2680000,0x00000000e2680000,0x00000000e2f00000)
 ParOldGen       total 55808K, used 9792K [0x0000000081200000, 0x0000000084880000, 0x00000000d5b80000)
  object space 55808K, 17% used [0x0000000081200000,0x0000000081b900c8,0x0000000084880000)
 Metaspace       used 24167K, capacity 24560K, committed 24960K, reserved 1071104K
  class space    used 2991K, capacity 3089K, committed 3200K, reserved 1048576K
}
Event: 15.609 GC heap before
{Heap before GC invocations=12 (full 1):
 PSYoungGen      total 191488K, used 191146K [0x00000000d5b80000, 0x00000000e3780000, 0x0000000100000000)
  eden space 186880K, 100% used [0x00000000d5b80000,0x00000000e1200000,0x00000000e1200000)
  from space 4608K, 92% used [0x00000000e3300000,0x00000000e372ab38,0x00000000e3780000)
  to   space 8704K, 0% used [0x00000000e2680000,0x00000000e2680000,0x00000000e2f00000)
 ParOldGen       total 55808K, used 9792K [0x0000000081200000, 0x0000000084880000, 0x00000000d5b80000)
  object space 55808K, 17% used [0x0000000081200000,0x0000000081b900c8,0x0000000084880000)
 Metaspace       used 27356K, capacity 27772K, committed 27904K, reserved 1073152K
  class space    used 3416K, capacity 3523K, committed 3584K, reserved 1048576K
Event: 15.639 GC heap after
Heap after GC invocations=12 (full 1):
 PSYoungGen      total 195584K, used 7115K [0x00000000d5b80000, 0x00000000e3780000, 0x0000000100000000)
  eden space 186880K, 0% used [0x00000000d5b80000,0x00000000d5b80000,0x00000000e1200000)
  from space 8704K, 81% used [0x00000000e2680000,0x00000000e2d72f48,0x00000000e2f00000)
  to   space 4608K, 0% used [0x00000000e3300000,0x00000000e3300000,0x00000000e3780000)
 ParOldGen       total 55808K, used 11487K [0x0000000081200000, 0x0000000084880000, 0x00000000d5b80000)
  object space 55808K, 20% used [0x0000000081200000,0x0000000081d37db8,0x0000000084880000)
 Metaspace       used 27356K, capacity 27772K, committed 27904K, reserved 1073152K
  class space    used 3416K, capacity 3523K, committed 3584K, reserved 1048576K
}
Event: 18.940 GC heap before
{Heap before GC invocations=13 (full 1):
 PSYoungGen      total 195584K, used 193995K [0x00000000d5b80000, 0x00000000e3780000, 0x0000000100000000)
  eden space 186880K, 100% used [0x00000000d5b80000,0x00000000e1200000,0x00000000e1200000)
  from space 8704K, 81% used [0x00000000e2680000,0x00000000e2d72f48,0x00000000e2f00000)
  to   space 4608K, 0% used [0x00000000e3300000,0x00000000e3300000,0x00000000e3780000)
 ParOldGen       total 55808K, used 11487K [0x0000000081200000, 0x0000000084880000, 0x00000000d5b80000)
  object space 55808K, 20% used [0x0000000081200000,0x0000000081d37db8,0x0000000084880000)
 Metaspace       used 31331K, capacity 31752K, committed 32000K, reserved 1077248K
  class space    used 3858K, capacity 3973K, committed 4096K, reserved 1048576K
Event: 18.954 GC heap after
Heap after GC invocations=13 (full 1):
 PSYoungGen      total 215040K, used 4583K [0x00000000d5b80000, 0x00000000e6a00000, 0x0000000100000000)
  eden space 210432K, 0% used [0x00000000d5b80000,0x00000000d5b80000,0x00000000e2900000)
  from space 4608K, 99% used [0x00000000e3300000,0x00000000e3779f80,0x00000000e3780000)
  to   space 10240K, 0% used [0x00000000e2900000,0x00000000e2900000,0x00000000e3300000)
 ParOldGen       total 55808K, used 16095K [0x0000000081200000, 0x0000000084880000, 0x00000000d5b80000)
  object space 55808K, 28% used [0x0000000081200000,0x00000000821b7d58,0x0000000084880000)
 Metaspace       used 31331K, capacity 31752K, committed 32000K, reserved 1077248K
  class space    used 3858K, capacity 3973K, committed 4096K, reserved 1048576K
}

